<?xml version="1.0" encoding="UTF-8"?>
<testsuite xmlns:xsi="http://www.w3.org/2001/XMLSchema-instance" xsi:noNamespaceSchemaLocation="https://maven.apache.org/surefire/maven-surefire-plugin/xsd/surefire-test-report-3.0.xsd" version="3.0" name="edu.unisabana.dyas.tdd.registry.RegistryTest" time="0.057" tests="5" errors="0" skipped="0" failures="0">
  <properties>
[...]
</properties>
  <testcase name="testDuplicateId" classname="edu.unisabana.dyas.tdd.registry.RegistryTest" time="0.01"/>
  <testcase name="testValidVoter" classname="edu.unisabana.dyas.tdd.registry.RegistryTest" time="0.0"/>
  <testcase name="testInvalidGender" classname="edu.unisabana.dyas.tdd.registry.RegistryTest" time="0.0"/>
  <testcase name="testDeceasedPerson" classname="edu.unisabana.dyas.tdd.registry.RegistryTest" time="0.0"/>
  <testcase name="testUnderagePerson" classname="edu.unisabana.dyas.tdd.registry.RegistryTest" time="0.0"/>
</testsuite>